<?xml version="1.0" encoding="UTF-8"?>
<!-- Generated by org.testng.reporters.JUnitReportReporter -->
<testsuite skipped="0" hostname="paxel0014" name="testcases.TC009_AllShipments" tests="1" failures="0" timestamp="04 May 2020 06:33:45 GMT" time="23.743" errors="0">
  <testcase name="loginLogOut" time="23.743" classname="testcases.TC009_AllShipments"/>
</testsuite> <!-- testcases.TC009_AllShipments -->
