<?xml version="1.0" encoding="UTF-8"?>
<!-- Generated by org.testng.reporters.JUnitReportReporter -->
<testsuite skipped="0" hostname="paxel0014" name="testcases.TC010_PriceTemplates" tests="1" failures="0" timestamp="04 May 2020 06:33:45 GMT" time="16.711" errors="0">
  <testcase name="loginLogOut" time="16.711" classname="testcases.TC010_PriceTemplates"/>
</testsuite> <!-- testcases.TC010_PriceTemplates -->
