<?xml version="1.0" encoding="UTF-8"?>
<!-- Generated by org.testng.reporters.JUnitReportReporter -->
<testsuite skipped="0" hostname="paxel0014" name="testcases.TC009_AllShipments" tests="1" failures="0" timestamp="01 May 2020 17:59:49 GMT" time="17.875" errors="0">
  <testcase name="loginLogOut" time="17.875" classname="testcases.TC009_AllShipments"/>
</testsuite> <!-- testcases.TC009_AllShipments -->
