<?xml version="1.0" encoding="UTF-8"?>
<!-- Generated by org.testng.reporters.JUnitReportReporter -->
<testsuite skipped="0" hostname="paxel0014" name="testcases.TC009_AllShipments" tests="1" failures="0" timestamp="30 Apr 2020 11:30:04 GMT" time="17.991" errors="0">
  <testcase name="loginLogOut" time="17.991" classname="testcases.TC009_AllShipments"/>
</testsuite> <!-- testcases.TC009_AllShipments -->
