<?xml version="1.0" encoding="UTF-8"?>
<!-- Generated by org.testng.reporters.JUnitReportReporter -->
<testsuite hostname="goods-PC" name="testcases.TC001_Loginnegative" tests="4" failures="0" timestamp="29 Jul 2017 06:09:19 GMT" time="45.012" errors="0">
  <testcase name="loginLogOut" time="10.725" classname="testcases.TC001_Loginnegative"/>
  <testcase name="loginLogOut" time="10.955" classname="testcases.TC001_Loginnegative"/>
  <testcase name="loginLogOut" time="11.227" classname="testcases.TC001_Loginnegative"/>
  <testcase name="loginLogOut" time="12.105" classname="testcases.TC001_Loginnegative"/>
</testsuite> <!-- testcases.TC001_Loginnegative -->
